0 info it worked if it ends with ok
1 verbose cli [ '/usr/local/bin/node',
1 verbose cli   '/usr/local/bin/npm',
1 verbose cli   'install',
1 verbose cli   '-g',
1 verbose cli   'gmaps' ]
2 info using npm@3.10.6
3 info using node@v6.2.2
4 silly loadCurrentTree Starting
5 silly install loadCurrentTree
6 silly install readGlobalPackageData
7 silly fetchPackageMetaData gmaps
8 silly fetchNamedPackageData gmaps
9 silly mapToRegistry name gmaps
10 silly mapToRegistry using default registry
11 silly mapToRegistry registry https://registry.npmjs.org/
12 silly mapToRegistry data Result {
12 silly mapToRegistry   raw: 'gmaps',
12 silly mapToRegistry   scope: null,
12 silly mapToRegistry   escapedName: 'gmaps',
12 silly mapToRegistry   name: 'gmaps',
12 silly mapToRegistry   rawSpec: '',
12 silly mapToRegistry   spec: 'latest',
12 silly mapToRegistry   type: 'tag' }
13 silly mapToRegistry uri https://registry.npmjs.org/gmaps
14 verbose request uri https://registry.npmjs.org/gmaps
15 verbose request no auth needed
16 info attempt registry request try #1 at 1:24:01 PM
17 verbose request id d51b4d1bb6877088
18 http request GET https://registry.npmjs.org/gmaps
19 info retry will retry, error on last attempt: Error: read ECONNRESET
20 info attempt registry request try #2 at 1:24:11 PM
21 http request GET https://registry.npmjs.org/gmaps
22 info retry will retry, error on last attempt: Error: read ECONNRESET
23 info attempt registry request try #3 at 1:25:11 PM
24 http request GET https://registry.npmjs.org/gmaps
25 silly fetchPackageMetaData Error: read ECONNRESET
25 silly fetchPackageMetaData     at exports._errnoException (util.js:1007:11)
25 silly fetchPackageMetaData     at TLSWrap.onread (net.js:563:26)
25 silly fetchPackageMetaData  error for gmaps { Error: read ECONNRESET
25 silly fetchPackageMetaData     at exports._errnoException (util.js:1007:11)
25 silly fetchPackageMetaData     at TLSWrap.onread (net.js:563:26) code: 'ECONNRESET', errno: 'ECONNRESET', syscall: 'read' }
26 silly rollbackFailedOptional Starting
27 silly rollbackFailedOptional Finishing
28 silly runTopLevelLifecycles Starting
29 silly runTopLevelLifecycles Finishing
30 silly install printInstalled
31 verbose stack Error: read ECONNRESET
31 verbose stack     at exports._errnoException (util.js:1007:11)
31 verbose stack     at TLSWrap.onread (net.js:563:26)
32 verbose cwd /Users/fikrikarim/Desktop/table.id
33 error Darwin 16.6.0
34 error argv "/usr/local/bin/node" "/usr/local/bin/npm" "install" "-g" "gmaps"
35 error node v6.2.2
36 error npm  v3.10.6
37 error code ECONNRESET
38 error errno ECONNRESET
39 error syscall read
40 error network read ECONNRESET
41 error network This is most likely not a problem with npm itself
41 error network and is related to network connectivity.
41 error network In most cases you are behind a proxy or have bad network settings.
41 error network
41 error network If you are behind a proxy, please make sure that the
41 error network 'proxy' config is set properly.  See: 'npm help config'
42 verbose exit [ 1, true ]
